0 info it worked if it ends with ok
1 verbose cli [ '/Users/jnaioti/.nvm/versions/node/v5.10.1/bin/node',
1 verbose cli   '/Users/jnaioti/.nvm/versions/node/v5.10.1/bin/npm',
1 verbose cli   'run',
1 verbose cli   'start' ]
2 info using npm@3.8.3
3 info using node@v5.10.1
4 verbose run-script [ 'prestart', 'start', 'poststart' ]
5 info lifecycle react-slingshot@3.0.1~prestart: react-slingshot@3.0.1
6 verbose lifecycle react-slingshot@3.0.1~prestart: unsafe-perm in lifecycle true
7 verbose lifecycle react-slingshot@3.0.1~prestart: PATH: /Users/jnaioti/.nvm/versions/node/v5.10.1/lib/node_modules/npm/bin/node-gyp-bin:/Users/jnaioti/workspace/Office_Team/we_are_razorfish_experience/node_modules/.bin:/Users/jnaioti/.nvm/versions/node/v5.10.1/bin:/Users/jnaioti/.nvm/versions/node/v5.10.1/bin:/usr/local/bin:/usr/bin:/bin:/usr/sbin:/sbin:/usr/local/munki
8 verbose lifecycle react-slingshot@3.0.1~prestart: CWD: /Users/jnaioti/workspace/Office_Team/we_are_razorfish_experience
9 silly lifecycle react-slingshot@3.0.1~prestart: Args: [ '-c',
9 silly lifecycle   'npm-run-all --parallel start-message remove-dist lint:tools' ]
10 silly lifecycle react-slingshot@3.0.1~prestart: Returned: code: 1  signal: null
11 info lifecycle react-slingshot@3.0.1~prestart: Failed to exec prestart script
12 verbose stack Error: react-slingshot@3.0.1 prestart: `npm-run-all --parallel start-message remove-dist lint:tools`
12 verbose stack Exit status 1
12 verbose stack     at EventEmitter.<anonymous> (/Users/jnaioti/.nvm/versions/node/v5.10.1/lib/node_modules/npm/lib/utils/lifecycle.js:239:16)
12 verbose stack     at emitTwo (events.js:100:13)
12 verbose stack     at EventEmitter.emit (events.js:185:7)
12 verbose stack     at ChildProcess.<anonymous> (/Users/jnaioti/.nvm/versions/node/v5.10.1/lib/node_modules/npm/lib/utils/spawn.js:24:14)
12 verbose stack     at emitTwo (events.js:100:13)
12 verbose stack     at ChildProcess.emit (events.js:185:7)
12 verbose stack     at maybeClose (internal/child_process.js:850:16)
12 verbose stack     at Process.ChildProcess._handle.onexit (internal/child_process.js:215:5)
13 verbose pkgid react-slingshot@3.0.1
14 verbose cwd /Users/jnaioti/workspace/Office_Team/we_are_razorfish_experience
15 error Darwin 14.5.0
16 error argv "/Users/jnaioti/.nvm/versions/node/v5.10.1/bin/node" "/Users/jnaioti/.nvm/versions/node/v5.10.1/bin/npm" "run" "start"
17 error node v5.10.1
18 error npm  v3.8.3
19 error code ELIFECYCLE
20 error react-slingshot@3.0.1 prestart: `npm-run-all --parallel start-message remove-dist lint:tools`
20 error Exit status 1
21 error Failed at the react-slingshot@3.0.1 prestart script 'npm-run-all --parallel start-message remove-dist lint:tools'.
21 error Make sure you have the latest version of node.js and npm installed.
21 error If you do, this is most likely a problem with the react-slingshot package,
21 error not with npm itself.
21 error Tell the author that this fails on your system:
21 error     npm-run-all --parallel start-message remove-dist lint:tools
21 error You can get information on how to open an issue for this project with:
21 error     npm bugs react-slingshot
21 error Or if that isn't available, you can get their info via:
21 error     npm owner ls react-slingshot
21 error There is likely additional logging output above.
22 verbose exit [ 1, true ]
